<?xml version="1.0" encoding="UTF-8"?>
<!-- Generated by org.testng.reporters.JUnitReportReporter -->
<testsuite skipped="0" hostname="Nacers-MacBook-Pro.local" name="testfollowhbo.TestFollowHBO" tests="2" failures="0" timestamp="30 Apr 2018 02:56:20 GMT" time="21.837" errors="0">
  <testcase name="testTwitter" time="10.030" classname="testfollowhbo.TestFollowHBO"/>
  <testcase name="testFacebook" time="11.807" classname="testfollowhbo.TestFollowHBO"/>
</testsuite> <!-- testfollowhbo.TestFollowHBO -->
