<?xml version="1.0" encoding="UTF-8"?>
<!-- Generated by org.testng.reporters.JUnitReportReporter -->
<testsuite skipped="0" hostname="Nacers-MacBook-Pro.local" name="testsearch.TestSearch" tests="2" failures="0" timestamp="30 Apr 2018 02:56:20 GMT" time="17.288" errors="0">
  <testcase name="oneElement" time="7.515" classname="testsearch.TestSearch"/>
  <testcase name="manyElemets" time="9.773" classname="testsearch.TestSearch"/>
</testsuite> <!-- testsearch.TestSearch -->
