<?xml version="1.0" encoding="UTF-8"?>
<!-- Generated by org.testng.reporters.JUnitReportReporter -->
<testsuite skipped="0" hostname="Nacers-MacBook-Pro.local" name="testclickonelement.TestClickOnElement" tests="5" failures="0" timestamp="30 Apr 2018 02:56:20 GMT" time="36.071" errors="0">
  <testcase name="testKis" time="9.497" classname="testclickonelement.TestClickOnElement"/>
  <testcase name="testMovies" time="6.732" classname="testclickonelement.TestClickOnElement"/>
  <testcase name="testSeries" time="5.305" classname="testclickonelement.TestClickOnElement"/>
  <testcase name="testBoxing" time="6.724" classname="testclickonelement.TestClickOnElement"/>
  <testcase name="testSpecials" time="7.813" classname="testclickonelement.TestClickOnElement"/>
</testsuite> <!-- testclickonelement.TestClickOnElement -->
