<?xml version="1.0" encoding="UTF-8"?>
<!-- Generated by org.testng.reporters.JUnitReportReporter -->
<testsuite skipped="0" hostname="Nacers-MacBook-Pro.local" name="testnavigate.TestNavigate" tests="1" failures="0" timestamp="03 May 2018 08:12:40 GMT" time="8.326" errors="0">
  <testcase name="testNavigate" time="8.326" classname="testnavigate.TestNavigate"/>
</testsuite> <!-- testnavigate.TestNavigate -->
