<?xml version="1.0" encoding="UTF-8"?>
<!-- Generated by org.testng.reporters.JUnitReportReporter -->
<testsuite skipped="0" hostname="Nacers-MacBook-Pro.local" name="testnavigate.TestNavigate" tests="1" failures="0" timestamp="30 Apr 2018 03:13:34 GMT" time="9.239" errors="0">
  <testcase name="testNavigate" time="9.239" classname="testnavigate.TestNavigate"/>
</testsuite> <!-- testnavigate.TestNavigate -->
