<?xml version="1.0" encoding="UTF-8"?>
<!-- Generated by org.testng.reporters.JUnitReportReporter -->
<testsuite skipped="0" hostname="Mahmudurs-MacBook-Pro.local" name="testExplore.TestDoExplore" tests="1" failures="0" timestamp="02 May 2018 17:15:07 GMT" time="41.094" errors="0">
  <testcase name="testPlayArround" time="41.094" classname="testExplore.TestDoExplore"/>
</testsuite> <!-- testExplore.TestDoExplore -->
