<?xml version="1.0" encoding="UTF-8"?>
<!-- Generated by org.testng.reporters.JUnitReportReporter -->
<testsuite skipped="0" hostname="Mahmudurs-MacBook-Pro.local" name="testExplore.TestDoExplore" tests="1" failures="0" timestamp="03 May 2018 05:19:53 GMT" time="47.274" errors="0">
  <testcase name="testPlayArround" time="47.274" classname="testExplore.TestDoExplore"/>
</testsuite> <!-- testExplore.TestDoExplore -->
