<?xml version="1.0" encoding="UTF-8"?>
<!-- Generated by org.testng.reporters.JUnitReportReporter -->
<testsuite skipped="0" hostname="Hoss-PC" name="testhome.TestHome" tests="1" failures="0" timestamp="30 Apr 2018 01:30:23 GMT" time="10.657" errors="0">
  <testcase name="test" time="10.657" classname="testhome.TestHome"/>
</testsuite> <!-- testhome.TestHome -->
